<?xml version="1.0" encoding="UTF-8"?>
<testsuite name="MyMathTests" tests="4" skipped="0" failures="0" errors="0" timestamp="2021-06-23T23:18:26" hostname="MSI-GE75" time="0.009">
  <properties/>
  <testcase name="test3Mock" classname="MyMathTests" time="0.008"/>
  <testcase name="test4Mock" classname="MyMathTests" time="0.0"/>
  <testcase name="test2Negative" classname="MyMathTests" time="0.0"/>
  <testcase name="test1Positive" classname="MyMathTests" time="0.0"/>
  <system-out><![CDATA[]]></system-out>
  <system-err><![CDATA[]]></system-err>
</testsuite>
